This is pdfTeX, Version 3.14159265-2.6-1.40.17 (TeX Live 2016/W32TeX) (preloaded format=pdflatex 2016.9.19)  2 NOV 2016 17:43
entering extended mode
 restricted \write18 enabled.
 %&-line parsing enabled.
**./pset3-template.tex
(./pset3-template.tex
LaTeX2e <2016/03/31> patch level 3
Babel <3.9r> and hyphenation patterns for 83 language(s) loaded.
(c:/texlive/2016/texmf-dist/tex/latex/base/article.cls
Document Class: article 2014/09/29 v1.4h Standard LaTeX document class
(c:/texlive/2016/texmf-dist/tex/latex/base/size12.clo
File: size12.clo 2014/09/29 v1.4h Standard LaTeX file (size option)
)
\c@part=\count79
\c@section=\count80
\c@subsection=\count81
\c@subsubsection=\count82
\c@paragraph=\count83
\c@subparagraph=\count84
\c@figure=\count85
\c@table=\count86
\abovecaptionskip=\skip41
\belowcaptionskip=\skip42
\bibindent=\dimen102
)
(c:/texlive/2016/texmf-dist/tex/latex/amsmath/amsmath.sty
Package: amsmath 2016/06/28 v2.15d AMS math features
\@mathmargin=\skip43

For additional information on amsmath, use the `?' option.
(c:/texlive/2016/texmf-dist/tex/latex/amsmath/amstext.sty
Package: amstext 2000/06/29 v2.01 AMS text

(c:/texlive/2016/texmf-dist/tex/latex/amsmath/amsgen.sty
File: amsgen.sty 1999/11/30 v2.0 generic functions
\@emptytoks=\toks14
\ex@=\dimen103
))
(c:/texlive/2016/texmf-dist/tex/latex/amsmath/amsbsy.sty
Package: amsbsy 1999/11/29 v1.2d Bold Symbols
\pmbraise@=\dimen104
)
(c:/texlive/2016/texmf-dist/tex/latex/amsmath/amsopn.sty
Package: amsopn 2016/03/08 v2.02 operator names
)
\inf@bad=\count87
LaTeX Info: Redefining \frac on input line 199.
\uproot@=\count88
\leftroot@=\count89
LaTeX Info: Redefining \overline on input line 297.
\classnum@=\count90
\DOTSCASE@=\count91
LaTeX Info: Redefining \ldots on input line 394.
LaTeX Info: Redefining \dots on input line 397.
LaTeX Info: Redefining \cdots on input line 518.
\Mathstrutbox@=\box26
\strutbox@=\box27
\big@size=\dimen105
LaTeX Font Info:    Redeclaring font encoding OML on input line 634.
LaTeX Font Info:    Redeclaring font encoding OMS on input line 635.
\macc@depth=\count92
\c@MaxMatrixCols=\count93
\dotsspace@=\muskip10
\c@parentequation=\count94
\dspbrk@lvl=\count95
\tag@help=\toks15
\row@=\count96
\column@=\count97
\maxfields@=\count98
\andhelp@=\toks16
\eqnshift@=\dimen106
\alignsep@=\dimen107
\tagshift@=\dimen108
\tagwidth@=\dimen109
\totwidth@=\dimen110
\lineht@=\dimen111
\@envbody=\toks17
\multlinegap=\skip44
\multlinetaggap=\skip45
\mathdisplay@stack=\toks18
LaTeX Info: Redefining \[ on input line 2739.
LaTeX Info: Redefining \] on input line 2740.
)
(c:/texlive/2016/texmf-dist/tex/latex/graphics/color.sty
Package: color 2016/07/10 v1.1e Standard LaTeX Color (DPC)

(c:/texlive/2016/texmf-dist/tex/latex/graphics-cfg/color.cfg
File: color.cfg 2016/01/02 v1.6 sample color configuration
)
Package color Info: Driver file: pdftex.def on input line 147.

(c:/texlive/2016/texmf-dist/tex/latex/graphics-def/pdftex.def
File: pdftex.def 2016/07/10 v0.06j Graphics/color for pdfTeX

(c:/texlive/2016/texmf-dist/tex/generic/oberdiek/infwarerr.sty
Package: infwarerr 2016/05/16 v1.4 Providing info/warning/error messages (HO)
)
(c:/texlive/2016/texmf-dist/tex/generic/oberdiek/ltxcmds.sty
Package: ltxcmds 2016/05/16 v1.23 LaTeX kernel commands for general use (HO)
)
\Gread@gobject=\count99
))
(c:/texlive/2016/texmf-dist/tex/latex/pgf/frontendlayer/tikz.sty
(c:/texlive/2016/texmf-dist/tex/latex/pgf/basiclayer/pgf.sty
(c:/texlive/2016/texmf-dist/tex/latex/pgf/utilities/pgfrcs.sty
(c:/texlive/2016/texmf-dist/tex/generic/pgf/utilities/pgfutil-common.tex
\pgfutil@everybye=\toks19
\pgfutil@tempdima=\dimen112
\pgfutil@tempdimb=\dimen113

(c:/texlive/2016/texmf-dist/tex/generic/pgf/utilities/pgfutil-common-lists.tex)
) (c:/texlive/2016/texmf-dist/tex/generic/pgf/utilities/pgfutil-latex.def
\pgfutil@abb=\box28

(c:/texlive/2016/texmf-dist/tex/latex/ms/everyshi.sty
Package: everyshi 2001/05/15 v3.00 EveryShipout Package (MS)
))
(c:/texlive/2016/texmf-dist/tex/generic/pgf/utilities/pgfrcs.code.tex
Package: pgfrcs 2015/08/07 v3.0.1a (rcs-revision 1.31)
))
Package: pgf 2015/08/07 v3.0.1a (rcs-revision 1.15)

(c:/texlive/2016/texmf-dist/tex/latex/pgf/basiclayer/pgfcore.sty
(c:/texlive/2016/texmf-dist/tex/latex/graphics/graphicx.sty
Package: graphicx 2014/10/28 v1.0g Enhanced LaTeX Graphics (DPC,SPQR)

(c:/texlive/2016/texmf-dist/tex/latex/graphics/keyval.sty
Package: keyval 2014/10/28 v1.15 key=value parser (DPC)
\KV@toks@=\toks20
)
(c:/texlive/2016/texmf-dist/tex/latex/graphics/graphics.sty
Package: graphics 2016/07/10 v1.0t Standard LaTeX Graphics (DPC,SPQR)

(c:/texlive/2016/texmf-dist/tex/latex/graphics/trig.sty
Package: trig 2016/01/03 v1.10 sin cos tan (DPC)
)
(c:/texlive/2016/texmf-dist/tex/latex/graphics-cfg/graphics.cfg
File: graphics.cfg 2016/06/04 v1.11 sample graphics configuration
)
Package graphics Info: Driver file: pdftex.def on input line 99.
)
\Gin@req@height=\dimen114
\Gin@req@width=\dimen115
)
(c:/texlive/2016/texmf-dist/tex/latex/pgf/systemlayer/pgfsys.sty
(c:/texlive/2016/texmf-dist/tex/generic/pgf/systemlayer/pgfsys.code.tex
Package: pgfsys 2014/07/09 v3.0.1a (rcs-revision 1.48)

(c:/texlive/2016/texmf-dist/tex/generic/pgf/utilities/pgfkeys.code.tex
\pgfkeys@pathtoks=\toks21
\pgfkeys@temptoks=\toks22

(c:/texlive/2016/texmf-dist/tex/generic/pgf/utilities/pgfkeysfiltered.code.tex
\pgfkeys@tmptoks=\toks23
))
\pgf@x=\dimen116
\pgf@y=\dimen117
\pgf@xa=\dimen118
\pgf@ya=\dimen119
\pgf@xb=\dimen120
\pgf@yb=\dimen121
\pgf@xc=\dimen122
\pgf@yc=\dimen123
\w@pgf@writea=\write3
\r@pgf@reada=\read1
\c@pgf@counta=\count100
\c@pgf@countb=\count101
\c@pgf@countc=\count102
\c@pgf@countd=\count103
\t@pgf@toka=\toks24
\t@pgf@tokb=\toks25
\t@pgf@tokc=\toks26
 (c:/texlive/2016/texmf-dist/tex/generic/pgf/systemlayer/pgf.cfg
File: pgf.cfg 2008/05/14  (rcs-revision 1.7)
)
Driver file for pgf: pgfsys-pdftex.def

(c:/texlive/2016/texmf-dist/tex/generic/pgf/systemlayer/pgfsys-pdftex.def
File: pgfsys-pdftex.def 2014/10/11  (rcs-revision 1.35)

(c:/texlive/2016/texmf-dist/tex/generic/pgf/systemlayer/pgfsys-common-pdf.def
File: pgfsys-common-pdf.def 2013/10/10  (rcs-revision 1.13)
)))
(c:/texlive/2016/texmf-dist/tex/generic/pgf/systemlayer/pgfsyssoftpath.code.tex
File: pgfsyssoftpath.code.tex 2013/09/09  (rcs-revision 1.9)
\pgfsyssoftpath@smallbuffer@items=\count104
\pgfsyssoftpath@bigbuffer@items=\count105
)
(c:/texlive/2016/texmf-dist/tex/generic/pgf/systemlayer/pgfsysprotocol.code.tex
File: pgfsysprotocol.code.tex 2006/10/16  (rcs-revision 1.4)
)) (c:/texlive/2016/texmf-dist/tex/latex/xcolor/xcolor.sty
Package: xcolor 2016/05/11 v2.12 LaTeX color extensions (UK)

(c:/texlive/2016/texmf-dist/tex/latex/graphics-cfg/color.cfg
File: color.cfg 2016/01/02 v1.6 sample color configuration
)
Package xcolor Info: Driver file: pdftex.def on input line 225.
LaTeX Info: Redefining \color on input line 709.
Package xcolor Info: Model `cmy' substituted by `cmy0' on input line 1348.
Package xcolor Info: Model `hsb' substituted by `rgb' on input line 1352.
Package xcolor Info: Model `RGB' extended on input line 1364.
Package xcolor Info: Model `HTML' substituted by `rgb' on input line 1366.
Package xcolor Info: Model `Hsb' substituted by `hsb' on input line 1367.
Package xcolor Info: Model `tHsb' substituted by `hsb' on input line 1368.
Package xcolor Info: Model `HSB' substituted by `hsb' on input line 1369.
Package xcolor Info: Model `Gray' substituted by `gray' on input line 1370.
Package xcolor Info: Model `wave' substituted by `hsb' on input line 1371.
)
(c:/texlive/2016/texmf-dist/tex/generic/pgf/basiclayer/pgfcore.code.tex
Package: pgfcore 2010/04/11 v3.0.1a (rcs-revision 1.7)

(c:/texlive/2016/texmf-dist/tex/generic/pgf/math/pgfmath.code.tex
(c:/texlive/2016/texmf-dist/tex/generic/pgf/math/pgfmathcalc.code.tex
(c:/texlive/2016/texmf-dist/tex/generic/pgf/math/pgfmathutil.code.tex)
(c:/texlive/2016/texmf-dist/tex/generic/pgf/math/pgfmathparser.code.tex
\pgfmath@dimen=\dimen124
\pgfmath@count=\count106
\pgfmath@box=\box29
\pgfmath@toks=\toks27
\pgfmath@stack@operand=\toks28
\pgfmath@stack@operation=\toks29
)
(c:/texlive/2016/texmf-dist/tex/generic/pgf/math/pgfmathfunctions.code.tex
(c:/texlive/2016/texmf-dist/tex/generic/pgf/math/pgfmathfunctions.basic.code.te
x)
(c:/texlive/2016/texmf-dist/tex/generic/pgf/math/pgfmathfunctions.trigonometric
.code.tex)
(c:/texlive/2016/texmf-dist/tex/generic/pgf/math/pgfmathfunctions.random.code.t
ex)
(c:/texlive/2016/texmf-dist/tex/generic/pgf/math/pgfmathfunctions.comparison.co
de.tex)
(c:/texlive/2016/texmf-dist/tex/generic/pgf/math/pgfmathfunctions.base.code.tex
)
(c:/texlive/2016/texmf-dist/tex/generic/pgf/math/pgfmathfunctions.round.code.te
x)
(c:/texlive/2016/texmf-dist/tex/generic/pgf/math/pgfmathfunctions.misc.code.tex
)
(c:/texlive/2016/texmf-dist/tex/generic/pgf/math/pgfmathfunctions.integerarithm
etics.code.tex)))
(c:/texlive/2016/texmf-dist/tex/generic/pgf/math/pgfmathfloat.code.tex
\c@pgfmathroundto@lastzeros=\count107
))
(c:/texlive/2016/texmf-dist/tex/generic/pgf/basiclayer/pgfcorepoints.code.tex
File: pgfcorepoints.code.tex 2013/10/07  (rcs-revision 1.27)
\pgf@picminx=\dimen125
\pgf@picmaxx=\dimen126
\pgf@picminy=\dimen127
\pgf@picmaxy=\dimen128
\pgf@pathminx=\dimen129
\pgf@pathmaxx=\dimen130
\pgf@pathminy=\dimen131
\pgf@pathmaxy=\dimen132
\pgf@xx=\dimen133
\pgf@xy=\dimen134
\pgf@yx=\dimen135
\pgf@yy=\dimen136
\pgf@zx=\dimen137
\pgf@zy=\dimen138
)
(c:/texlive/2016/texmf-dist/tex/generic/pgf/basiclayer/pgfcorepathconstruct.cod
e.tex
File: pgfcorepathconstruct.code.tex 2013/10/07  (rcs-revision 1.29)
\pgf@path@lastx=\dimen139
\pgf@path@lasty=\dimen140
)
(c:/texlive/2016/texmf-dist/tex/generic/pgf/basiclayer/pgfcorepathusage.code.te
x
File: pgfcorepathusage.code.tex 2014/11/02  (rcs-revision 1.24)
\pgf@shorten@end@additional=\dimen141
\pgf@shorten@start@additional=\dimen142
)
(c:/texlive/2016/texmf-dist/tex/generic/pgf/basiclayer/pgfcorescopes.code.tex
File: pgfcorescopes.code.tex 2015/05/08  (rcs-revision 1.46)
\pgfpic=\box30
\pgf@hbox=\box31
\pgf@layerbox@main=\box32
\pgf@picture@serial@count=\count108
)
(c:/texlive/2016/texmf-dist/tex/generic/pgf/basiclayer/pgfcoregraphicstate.code
.tex
File: pgfcoregraphicstate.code.tex 2014/11/02  (rcs-revision 1.12)
\pgflinewidth=\dimen143
)
(c:/texlive/2016/texmf-dist/tex/generic/pgf/basiclayer/pgfcoretransformations.c
ode.tex
File: pgfcoretransformations.code.tex 2015/08/07  (rcs-revision 1.20)
\pgf@pt@x=\dimen144
\pgf@pt@y=\dimen145
\pgf@pt@temp=\dimen146
)
(c:/texlive/2016/texmf-dist/tex/generic/pgf/basiclayer/pgfcorequick.code.tex
File: pgfcorequick.code.tex 2008/10/09  (rcs-revision 1.3)
)
(c:/texlive/2016/texmf-dist/tex/generic/pgf/basiclayer/pgfcoreobjects.code.tex
File: pgfcoreobjects.code.tex 2006/10/11  (rcs-revision 1.2)
)
(c:/texlive/2016/texmf-dist/tex/generic/pgf/basiclayer/pgfcorepathprocessing.co
de.tex
File: pgfcorepathprocessing.code.tex 2013/09/09  (rcs-revision 1.9)
)
(c:/texlive/2016/texmf-dist/tex/generic/pgf/basiclayer/pgfcorearrows.code.tex
File: pgfcorearrows.code.tex 2015/05/14  (rcs-revision 1.43)
\pgfarrowsep=\dimen147
)
(c:/texlive/2016/texmf-dist/tex/generic/pgf/basiclayer/pgfcoreshade.code.tex
File: pgfcoreshade.code.tex 2013/07/15  (rcs-revision 1.15)
\pgf@max=\dimen148
\pgf@sys@shading@range@num=\count109
)
(c:/texlive/2016/texmf-dist/tex/generic/pgf/basiclayer/pgfcoreimage.code.tex
File: pgfcoreimage.code.tex 2013/07/15  (rcs-revision 1.18)

(c:/texlive/2016/texmf-dist/tex/generic/pgf/basiclayer/pgfcoreexternal.code.tex
File: pgfcoreexternal.code.tex 2014/07/09  (rcs-revision 1.21)
\pgfexternal@startupbox=\box33
))
(c:/texlive/2016/texmf-dist/tex/generic/pgf/basiclayer/pgfcorelayers.code.tex
File: pgfcorelayers.code.tex 2013/07/18  (rcs-revision 1.7)
)
(c:/texlive/2016/texmf-dist/tex/generic/pgf/basiclayer/pgfcoretransparency.code
.tex
File: pgfcoretransparency.code.tex 2013/09/30  (rcs-revision 1.5)
)
(c:/texlive/2016/texmf-dist/tex/generic/pgf/basiclayer/pgfcorepatterns.code.tex
File: pgfcorepatterns.code.tex 2013/11/07  (rcs-revision 1.5)
)))
(c:/texlive/2016/texmf-dist/tex/generic/pgf/modules/pgfmoduleshapes.code.tex
File: pgfmoduleshapes.code.tex 2014/03/21  (rcs-revision 1.35)
\pgfnodeparttextbox=\box34
)
(c:/texlive/2016/texmf-dist/tex/generic/pgf/modules/pgfmoduleplot.code.tex
File: pgfmoduleplot.code.tex 2015/08/03  (rcs-revision 1.13)
)
(c:/texlive/2016/texmf-dist/tex/latex/pgf/compatibility/pgfcomp-version-0-65.st
y
Package: pgfcomp-version-0-65 2007/07/03 v3.0.1a (rcs-revision 1.7)
\pgf@nodesepstart=\dimen149
\pgf@nodesepend=\dimen150
)
(c:/texlive/2016/texmf-dist/tex/latex/pgf/compatibility/pgfcomp-version-1-18.st
y
Package: pgfcomp-version-1-18 2007/07/23 v3.0.1a (rcs-revision 1.1)
)) (c:/texlive/2016/texmf-dist/tex/latex/pgf/utilities/pgffor.sty
(c:/texlive/2016/texmf-dist/tex/latex/pgf/utilities/pgfkeys.sty
(c:/texlive/2016/texmf-dist/tex/generic/pgf/utilities/pgfkeys.code.tex))
(c:/texlive/2016/texmf-dist/tex/latex/pgf/math/pgfmath.sty
(c:/texlive/2016/texmf-dist/tex/generic/pgf/math/pgfmath.code.tex))
(c:/texlive/2016/texmf-dist/tex/generic/pgf/utilities/pgffor.code.tex
Package: pgffor 2013/12/13 v3.0.1a (rcs-revision 1.25)

(c:/texlive/2016/texmf-dist/tex/generic/pgf/math/pgfmath.code.tex)
\pgffor@iter=\dimen151
\pgffor@skip=\dimen152
\pgffor@stack=\toks30
\pgffor@toks=\toks31
))
(c:/texlive/2016/texmf-dist/tex/generic/pgf/frontendlayer/tikz/tikz.code.tex
Package: tikz 2015/08/07 v3.0.1a (rcs-revision 1.151)

(c:/texlive/2016/texmf-dist/tex/generic/pgf/libraries/pgflibraryplothandlers.co
de.tex
File: pgflibraryplothandlers.code.tex 2013/08/31 v3.0.1a (rcs-revision 1.20)
\pgf@plot@mark@count=\count110
\pgfplotmarksize=\dimen153
)
\tikz@lastx=\dimen154
\tikz@lasty=\dimen155
\tikz@lastxsaved=\dimen156
\tikz@lastysaved=\dimen157
\tikzleveldistance=\dimen158
\tikzsiblingdistance=\dimen159
\tikz@figbox=\box35
\tikz@figbox@bg=\box36
\tikz@tempbox=\box37
\tikz@tempbox@bg=\box38
\tikztreelevel=\count111
\tikznumberofchildren=\count112
\tikznumberofcurrentchild=\count113
\tikz@fig@count=\count114

(c:/texlive/2016/texmf-dist/tex/generic/pgf/modules/pgfmodulematrix.code.tex
File: pgfmodulematrix.code.tex 2013/09/17  (rcs-revision 1.8)
\pgfmatrixcurrentrow=\count115
\pgfmatrixcurrentcolumn=\count116
\pgf@matrix@numberofcolumns=\count117
)
\tikz@expandcount=\count118

(c:/texlive/2016/texmf-dist/tex/generic/pgf/frontendlayer/tikz/libraries/tikzli
brarytopaths.code.tex
File: tikzlibrarytopaths.code.tex 2008/06/17 v3.0.1a (rcs-revision 1.2)
))) (./macros.tex
(c:/texlive/2016/texmf-dist/tex/latex/base/latexsym.sty
Package: latexsym 1998/08/17 v2.2e Standard LaTeX package (lasy symbols)
\symlasy=\mathgroup4
LaTeX Font Info:    Overwriting symbol font `lasy' in version `bold'
(Font)                  U/lasy/m/n --> U/lasy/b/n on input line 52.
)
(c:/texlive/2016/texmf-dist/tex/latex/psnfss/times.sty
Package: times 2005/04/12 PSNFSS-v9.2a (SPQR) 
)
(c:/texlive/2016/texmf-dist/tex/latex/url/url.sty
\Urlmuskip=\muskip11
Package: url 2013/09/16  ver 3.4  Verb mode for urls, etc.
)
(c:/texlive/2016/texmf-dist/tex/latex/clrscode/clrscode.sty
Package: clrscode 2007/03/29 v1.7 format pseudocode
\c@codelinenumber=\count119
\c@indent=\count120
\digitwidth=\skip46
\savecode=\box39
\codeboxwidth=\skip47
\c@thisindent=\count121
)
\toppush=\skip48
\c@problemnum=\count122
\c@problempartnum=\count123
\c@exercisenum=\count124
\c@exercisepartnum=\count125
\c@totalcaptions=\count126
\c@totalart=\count127
\halffigspace=\skip49
\wholefigspace=\skip50
\figruleheight=\skip51
\figgap=\skip52
\widefigspacewidth=\skip53
\macfigfill=\skip54
\bbx=\skip55
\bby=\skip56
\savearraycolsep=\skip57
\c@theorem=\count128
\c@xample=\count129
\c@definition=\count130
\c@handouts=\count131
)
(./pset3-template.aux)
\openout1 = `pset3-template.aux'.

LaTeX Font Info:    Checking defaults for OML/cmm/m/it on input line 26.
LaTeX Font Info:    ... okay on input line 26.
LaTeX Font Info:    Checking defaults for T1/cmr/m/n on input line 26.
LaTeX Font Info:    ... okay on input line 26.
LaTeX Font Info:    Checking defaults for OT1/cmr/m/n on input line 26.
LaTeX Font Info:    ... okay on input line 26.
LaTeX Font Info:    Checking defaults for OMS/cmsy/m/n on input line 26.
LaTeX Font Info:    ... okay on input line 26.
LaTeX Font Info:    Checking defaults for OMX/cmex/m/n on input line 26.
LaTeX Font Info:    ... okay on input line 26.
LaTeX Font Info:    Checking defaults for U/cmr/m/n on input line 26.
LaTeX Font Info:    ... okay on input line 26.
LaTeX Font Info:    Try loading font information for OT1+ptm on input line 26.
 (c:/texlive/2016/texmf-dist/tex/latex/psnfss/ot1ptm.fd
File: ot1ptm.fd 2001/06/04 font definitions for OT1/ptm.
)
(c:/texlive/2016/texmf-dist/tex/context/base/mkii/supp-pdf.mkii
[Loading MPS to PDF converter (version 2006.09.02).]
\scratchcounter=\count132
\scratchdimen=\dimen160
\scratchbox=\box40
\nofMPsegments=\count133
\nofMParguments=\count134
\everyMPshowfont=\toks32
\MPscratchCnt=\count135
\MPscratchDim=\dimen161
\MPnumerator=\count136
\makeMPintoPDFobject=\count137
\everyMPtoPDFconversion=\toks33
) (c:/texlive/2016/texmf-dist/tex/generic/oberdiek/pdftexcmds.sty
Package: pdftexcmds 2016/05/21 v0.22 Utility functions of pdfTeX for LuaTeX (HO
)

(c:/texlive/2016/texmf-dist/tex/generic/oberdiek/ifluatex.sty
Package: ifluatex 2016/05/16 v1.4 Provides the ifluatex switch (HO)
Package ifluatex Info: LuaTeX not detected.
)
(c:/texlive/2016/texmf-dist/tex/generic/oberdiek/ifpdf.sty
Package: ifpdf 2016/05/14 v3.1 Provides the ifpdf switch
)
Package pdftexcmds Info: LuaTeX not detected.
Package pdftexcmds Info: \pdf@primitive is available.
Package pdftexcmds Info: \pdf@ifprimitive is available.
Package pdftexcmds Info: \pdfdraftmode found.
)
(c:/texlive/2016/texmf-dist/tex/latex/oberdiek/epstopdf-base.sty
Package: epstopdf-base 2016/05/15 v2.6 Base part for package epstopdf

(c:/texlive/2016/texmf-dist/tex/latex/oberdiek/grfext.sty
Package: grfext 2016/05/16 v1.2 Manage graphics extensions (HO)

(c:/texlive/2016/texmf-dist/tex/generic/oberdiek/kvdefinekeys.sty
Package: kvdefinekeys 2016/05/16 v1.4 Define keys (HO)
))
(c:/texlive/2016/texmf-dist/tex/latex/oberdiek/kvoptions.sty
Package: kvoptions 2016/05/16 v3.12 Key value format for package options (HO)

(c:/texlive/2016/texmf-dist/tex/generic/oberdiek/kvsetkeys.sty
Package: kvsetkeys 2016/05/16 v1.17 Key value parser (HO)

(c:/texlive/2016/texmf-dist/tex/generic/oberdiek/etexcmds.sty
Package: etexcmds 2016/05/16 v1.6 Avoid name clashes with e-TeX commands (HO)
Package etexcmds Info: Could not find \expanded.
(etexcmds)             That can mean that you are not using pdfTeX 1.50 or
(etexcmds)             that some package has redefined \expanded.
(etexcmds)             In the latter case, load this package earlier.
)))
Package epstopdf-base Info: Redefining graphics rule for `.eps' on input line 4
38.
Package grfext Info: Graphics extension search list:
(grfext)             [.png,.pdf,.jpg,.mps,.jpeg,.jbig2,.jb2,.PNG,.PDF,.JPG,.JPE
G,.JBIG2,.JB2,.eps]
(grfext)             \AppendGraphicsExtensions on input line 456.

(c:/texlive/2016/texmf-dist/tex/latex/latexconfig/epstopdf-sys.cfg
File: epstopdf-sys.cfg 2010/07/13 v1.3 Configuration of (r)epstopdf for TeX Liv
e
))
ABD: EveryShipout initializing macros
LaTeX Font Info:    Try loading font information for U+lasy on input line 28.

(c:/texlive/2016/texmf-dist/tex/latex/base/ulasy.fd
File: ulasy.fd 1998/08/17 v2.2e LaTeX symbol font definitions
)
Underfull \hbox (badness 10000) in paragraph at lines 28--28

 []

LaTeX Font Info:    Font shape `OT1/ptm/bx/n' in size <17.28> not available
(Font)              Font shape `OT1/ptm/b/n' tried instead on input line 28.
LaTeX Font Info:    Font shape `OT1/ptm/bx/n' in size <12> not available
(Font)              Font shape `OT1/ptm/b/n' tried instead on input line 30.

Underfull \hbox (badness 10000) in paragraph at lines 109--113

 []


Underfull \hbox (badness 10000) in paragraph at lines 115--119

 []


Underfull \hbox (badness 10000) in paragraph at lines 127--133

 []


Underfull \hbox (badness 10000) in paragraph at lines 127--133

 []

[1

{c:/texlive/2016/texmf-var/fonts/map/pdftex/updmap/pdftex.map}]
Underfull \hbox (badness 10000) in paragraph at lines 136--141

 []


Underfull \hbox (badness 10000) in paragraph at lines 136--141

 []

[2]
Underfull \hbox (badness 10000) in paragraph at lines 147--150

 []


Underfull \hbox (badness 10000) in paragraph at lines 152--154

 []


Underfull \hbox (badness 10000) in paragraph at lines 152--154

 []


Underfull \hbox (badness 10000) in paragraph at lines 168--173

 []


Underfull \hbox (badness 10000) in paragraph at lines 168--173

 []


Underfull \hbox (badness 10000) in paragraph at lines 176--181

 []


Underfull \hbox (badness 10000) in paragraph at lines 176--181

 []

[3]
Underfull \hbox (badness 10000) in paragraph at lines 195--204

 []


Underfull \hbox (badness 10000) in paragraph at lines 195--204

 []


Underfull \hbox (badness 10000) in paragraph at lines 195--204

 []

[4] (./pset3-template.aux) ) 
Here is how much of TeX's memory you used:
 12458 strings out of 493013
 244437 string characters out of 6137008
 288207 words of memory out of 5000000
 15749 multiletter control sequences out of 15000+600000
 16038 words of font info for 40 fonts, out of 8000000 for 9000
 1141 hyphenation exceptions out of 8191
 55i,8n,61p,1171b,704s stack positions out of 5000i,500n,10000p,200000b,80000s
{c:/texlive/2016/texmf-dist/fonts/enc/dvips/base/8r
.enc}<c:/texlive/2016/texmf-dist/fonts/type1/public/amsfonts/cm/cmmi12.pfb><c:/
texlive/2016/texmf-dist/fonts/type1/public/amsfonts/cm/cmmi8.pfb><c:/texlive/20
16/texmf-dist/fonts/type1/public/amsfonts/cm/cmr12.pfb><c:/texlive/2016/texmf-d
ist/fonts/type1/public/amsfonts/cm/cmr8.pfb><c:/texlive/2016/texmf-dist/fonts/t
ype1/public/amsfonts/cm/cmsy10.pfb><c:/texlive/2016/texmf-dist/fonts/type1/urw/
times/utmb8a.pfb><c:/texlive/2016/texmf-dist/fonts/type1/urw/times/utmr8a.pfb><
c:/texlive/2016/texmf-dist/fonts/type1/urw/times/utmr8a.pfb><c:/texlive/2016/te
xmf-dist/fonts/type1/urw/times/utmri8a.pfb>
Output written on pset3-template.pdf (4 pages, 102168 bytes).
PDF statistics:
 57 PDF objects out of 1000 (max. 8388607)
 41 compressed objects within 1 object stream
 0 named destinations out of 1000 (max. 500000)
 13 words of extra memory for PDF output out of 10000 (max. 10000000)

